<?xml version="1.0" encoding="UTF-8"?>
<!-- Generated by org.testng.reporters.JUnitReportReporter -->
<testsuite skipped="0" hostname="DESKTOP-JUVN070" name="ui.LoginTest" tests="2" failures="0" timestamp="2022-06-10T09:58:14 CDT" time="0.001" errors="0">
  <testcase name="Test2" time="0.000" classname="ui.LoginTest"/>
  <system-out/>
  <testcase name="Test1" time="0.001" classname="ui.LoginTest"/>
  <system-out/>
</testsuite> <!-- ui.LoginTest -->
