<?xml version="1.0" encoding="UTF-8"?>
<!-- Generated by org.testng.reporters.JUnitReportReporter -->
<testsuite skipped="2" hostname="DESKTOP-JUVN070" name="ui.SkipTestInTestNG" tests="2" failures="0" timestamp="2022-06-10T09:07:46 CDT" time="0.003" errors="0">
  <testcase name="testData2" time="0.003" classname="ui.SkipTestInTestNG">
    <skipped/>
  </testcase> <!-- testData2 -->
  <system-out/>
  <testcase name="testData" classname="ui.SkipTestInTestNG">
    <skipped/>
  </testcase> <!-- testData -->
  <system-out/>
</testsuite> <!-- ui.SkipTestInTestNG -->
