<?xml version="1.0" encoding="UTF-8"?>
<!-- Generated by org.testng.reporters.JUnitReportReporter -->
<testsuite skipped="0" hostname="DESKTOP-JUVN070" name="ui.VerifyTitleTest" tests="1" failures="0" timestamp="2022-06-10T01:02:20 CDT" time="3.037" errors="0">
  <testcase name="titleTest" time="3.037" classname="ui.VerifyTitleTest"/>
  <system-out/>
</testsuite> <!-- ui.VerifyTitleTest -->
