<?xml version="1.0" encoding="UTF-8"?>
<!-- Generated by org.testng.reporters.JUnitReportReporter -->
<testsuite skipped="0" hostname="DESKTOP-JUVN070" name="ui.PassParameterFromTestNG" tests="1" failures="0" timestamp="2022-06-11T09:43:56 CDT" time="4.173" errors="0">
  <testcase name="lauchBrowser" time="4.173" classname="ui.PassParameterFromTestNG"/>
  <system-out/>
</testsuite> <!-- ui.PassParameterFromTestNG -->
