<?xml version="1.0" encoding="UTF-8"?>
<!-- Generated by org.testng.reporters.JUnitReportReporter -->
<testsuite skipped="0" hostname="DESKTOP-JUVN070" name="ui.DataProviderLiveProject" tests="4" failures="0" timestamp="2022-06-11T07:31:06 CDT" time="7.044" errors="0">
  <testcase name="testData" time="1.541" classname="ui.DataProviderLiveProject"/>
  <system-out/>
  <testcase name="testData" time="2.473" classname="ui.DataProviderLiveProject"/>
  <system-out/>
  <testcase name="testData" time="1.526" classname="ui.DataProviderLiveProject"/>
  <system-out/>
  <testcase name="testData" time="1.504" classname="ui.DataProviderLiveProject"/>
  <system-out/>
</testsuite> <!-- ui.DataProviderLiveProject -->
